<?xml version="1.0" encoding="UTF-8"?>
<testng-results ignored="0" total="1" passed="1" failed="0" skipped="0">
  <reporter-output>
  </reporter-output>
  <suite started-at="2026-03-13T15:33:28 IST" name="Default suite" finished-at="2026-03-13T15:33:36 IST" duration-ms="7580">
    <groups>
    </groups>
    <test started-at="2026-03-13T15:33:28 IST" name="Default test" finished-at="2026-03-13T15:33:36 IST" duration-ms="7580">
      <class name="testscript.LoginTest">
        <test-method is-config="true" signature="browserLaunch()[pri:0, instance:testscript.LoginTest@18078bef]" started-at="2026-03-13T15:33:28 IST" name="browserLaunch" finished-at="2026-03-13T15:33:33 IST" duration-ms="4898" status="PASS">
          <reporter-output>
          </reporter-output>
        </test-method> <!-- browserLaunch -->
        <test-method signature="verifyUserLoginWithValidCredentials()[pri:0, instance:testscript.LoginTest@18078bef]" started-at="2026-03-13T15:33:33 IST" name="verifyUserLoginWithValidCredentials" finished-at="2026-03-13T15:33:36 IST" duration-ms="2627" status="PASS">
          <reporter-output>
          </reporter-output>
        </test-method> <!-- verifyUserLoginWithValidCredentials -->
        <test-method is-config="true" signature="closeAndQuit()[pri:0, instance:testscript.LoginTest@18078bef]" started-at="2026-03-13T15:33:36 IST" name="closeAndQuit" finished-at="2026-03-13T15:33:36 IST" duration-ms="0" status="PASS">
          <reporter-output>
          </reporter-output>
        </test-method> <!-- closeAndQuit -->
      </class> <!-- testscript.LoginTest -->
    </test> <!-- Default test -->
  </suite> <!-- Default suite -->
</testng-results>
