<?xml version="1.0" encoding="UTF-8"?>
<testng-results ignored="0" total="1" passed="1" failed="0" skipped="0">
  <reporter-output>
  </reporter-output>
  <suite started-at="2026-03-12T13:07:31 IST" name="Default suite" finished-at="2026-03-12T13:07:39 IST" duration-ms="7312">
    <groups>
    </groups>
    <test started-at="2026-03-12T13:07:31 IST" name="Default test" finished-at="2026-03-12T13:07:39 IST" duration-ms="7312">
      <class name="testscript.LoginTest">
        <test-method is-config="true" signature="browserLaunch()[pri:0, instance:testscript.LoginTest@18078bef]" started-at="2026-03-12T13:07:31 IST" name="browserLaunch" finished-at="2026-03-12T13:07:36 IST" duration-ms="4788" status="PASS">
          <reporter-output>
          </reporter-output>
        </test-method> <!-- browserLaunch -->
        <test-method signature="verifyUserLoginWithInvalidCredentials()[pri:0, instance:testscript.LoginTest@18078bef]" started-at="2026-03-12T13:07:36 IST" name="verifyUserLoginWithInvalidCredentials" finished-at="2026-03-12T13:07:39 IST" duration-ms="2459" status="PASS">
          <reporter-output>
          </reporter-output>
        </test-method> <!-- verifyUserLoginWithInvalidCredentials -->
        <test-method is-config="true" signature="closeAndQuit()[pri:0, instance:testscript.LoginTest@18078bef]" started-at="2026-03-12T13:07:39 IST" name="closeAndQuit" finished-at="2026-03-12T13:07:39 IST" duration-ms="0" status="PASS">
          <reporter-output>
          </reporter-output>
        </test-method> <!-- closeAndQuit -->
      </class> <!-- testscript.LoginTest -->
    </test> <!-- Default test -->
  </suite> <!-- Default suite -->
</testng-results>
