<?xml version="1.0" encoding="UTF-8"?>
<!-- Generated by org.testng.reporters.JUnitXMLReporter -->
<testsuite ignored="3" hostname="DESKTOP-BB73UPO" failures="0" tests="1" name="Default test" time="7.58" errors="0" timestamp="2026-03-13T15:33:36 IST">
  <testcase classname="testscript.LoginTest" name="verifyUserLoginWithValidCredentials" time="2.627"/>
  <testcase classname="testscript.LoginTest" name="verifyUserLoginWithInvalidPassword" time="0.0">
    <ignored/>
  </testcase> <!-- verifyUserLoginWithInvalidPassword -->
  <testcase classname="testscript.LoginTest" name="verifyUserLoginWithInvalidCredentials" time="0.0">
    <ignored/>
  </testcase> <!-- verifyUserLoginWithInvalidCredentials -->
  <testcase classname="testscript.LoginTest" name="verifyUserLoginWithInvalidUserName" time="0.0">
    <ignored/>
  </testcase> <!-- verifyUserLoginWithInvalidUserName -->
</testsuite> <!-- Default test -->
