<?xml version="1.0" encoding="UTF-8"?>
<!-- Generated by org.testng.reporters.JUnitXMLReporter -->
<testsuite ignored="3" hostname="DESKTOP-BB73UPO" failures="0" tests="1" name="Default test" time="7.312" errors="0" timestamp="2026-03-12T13:07:39 IST">
  <testcase classname="testscript.LoginTest" name="verifyUserLoginWithInvalidCredentials" time="2.459"/>
  <testcase classname="testscript.LoginTest" name="verifyUserLoginWithInvalidPassword" time="0.0">
    <ignored/>
  </testcase> <!-- verifyUserLoginWithInvalidPassword -->
  <testcase classname="testscript.LoginTest" name="verifyUserLoginWithValidCredentials" time="0.0">
    <ignored/>
  </testcase> <!-- verifyUserLoginWithValidCredentials -->
  <testcase classname="testscript.LoginTest" name="verifyUserLoginWithInvalidUserName" time="0.0">
    <ignored/>
  </testcase> <!-- verifyUserLoginWithInvalidUserName -->
</testsuite> <!-- Default test -->
